2026-04-18 15:59:37,226 INFO sqlalchemy.engine.Engine select pg_catalog.version()
2026-04-18 15:59:37,226 INFO sqlalchemy.engine.Engine [raw sql] ()
2026-04-18 15:59:37,628 INFO sqlalchemy.engine.Engine select current_schema()
2026-04-18 15:59:37,628 INFO sqlalchemy.engine.Engine [raw sql] ()
2026-04-18 15:59:38,230 INFO sqlalchemy.engine.Engine show standard_conforming_strings
2026-04-18 15:59:38,230 INFO sqlalchemy.engine.Engine [raw sql] ()
2026-04-18 15:59:38,627 INFO sqlalchemy.engine.Engine BEGIN (implicit)
2026-04-18 15:59:38,633 INFO sqlalchemy.engine.Engine SELECT tests.id, tests.title, tests.description, tests.duration_mins, tests.created_by, tests.is_active, tests.starts_at, tests.ends_at, tests.created_at 
FROM tests 
WHERE tests.id = $1::UUID
2026-04-18 15:59:38,633 INFO sqlalchemy.engine.Engine [generated in 0.00042s] ('c76a0947-5cb6-4001-a7f6-48abc8d36ae3',)
2026-04-18 15:59:39,038 INFO sqlalchemy.engine.Engine INSERT INTO questions (id, test_id, title, description, difficulty, order_index, constraints, examples, function_signature, driver_code) VALUES ($1::UUID, $2::UUID, $3::VARCHAR, $4::VARCHAR, $5::VARCHAR, $6::INTEGER, $7::VARCHAR, $8::JSONB, $9::VARCHAR, $10::VARCHAR) RETURNING questions.created_at
2026-04-18 15:59:39,038 INFO sqlalchemy.engine.Engine [generated in 0.00028s] (UUID('f2ea5f7b-d627-46ed-a05c-3bcf892f7425'), 'c76a0947-5cb6-4001-a7f6-48abc8d36ae3', 'A', 'B', 'Medium', 1, None, '[{"input": "a", "output": "b", "explanation": ""}]', '{"python3": "def a(): pass"}', '{"python3": ""}')
2026-04-18 15:59:39,309 INFO sqlalchemy.engine.Engine SELECT questions.id, questions.test_id, questions.title, questions.description, questions.difficulty, questions.order_index, questions.constraints, questions.examples, questions.function_signature, questions.driver_code, questions.created_at 
FROM questions 
WHERE questions.id = $1::UUID
2026-04-18 15:59:39,309 INFO sqlalchemy.engine.Engine [generated in 0.00031s] (UUID('f2ea5f7b-d627-46ed-a05c-3bcf892f7425'),)
2026-04-18 15:59:39,579 INFO sqlalchemy.engine.Engine INSERT INTO test_cases (id, question_id, input, expected_output, is_hidden) VALUES ($1::UUID, $2::UUID, $3::VARCHAR, $4::VARCHAR, $5::BOOLEAN) RETURNING test_cases.created_at
2026-04-18 15:59:39,579 INFO sqlalchemy.engine.Engine [generated in 0.00055s] (UUID('3f12205f-195a-4032-a694-cbb916557e12'), UUID('f2ea5f7b-d627-46ed-a05c-3bcf892f7425'), '1', '1', False)
2026-04-18 15:59:39,849 INFO sqlalchemy.engine.Engine COMMIT
STATUS: 200
{'constraints': None,
 'description': 'B',
 'difficulty': 'Medium',
 'driver_code': {'python3': ''},
 'examples': [{'explanation': '', 'input': 'a', 'output': 'b'}],
 'function_signature': {'python3': 'def a(): pass'},
 'id': 'f2ea5f7b-d627-46ed-a05c-3bcf892f7425',
 'order_index': 1,
 'test_id': 'c76a0947-5cb6-4001-a7f6-48abc8d36ae3',
 'title': 'A'}
