2026-04-18 15:55:31,302 INFO sqlalchemy.engine.Engine select pg_catalog.version()
2026-04-18 15:55:31,302 INFO sqlalchemy.engine.Engine [raw sql] ()
2026-04-18 15:55:31,720 INFO sqlalchemy.engine.Engine select current_schema()
2026-04-18 15:55:31,720 INFO sqlalchemy.engine.Engine [raw sql] ()
2026-04-18 15:55:32,283 INFO sqlalchemy.engine.Engine show standard_conforming_strings
2026-04-18 15:55:32,284 INFO sqlalchemy.engine.Engine [raw sql] ()
2026-04-18 15:55:32,703 INFO sqlalchemy.engine.Engine BEGIN (implicit)
2026-04-18 15:55:32,740 INFO sqlalchemy.engine.Engine SELECT tests.id 
FROM tests 
 LIMIT $1::INTEGER
2026-04-18 15:55:32,740 INFO sqlalchemy.engine.Engine [generated in 0.00033s] (1,)
Using test_id: c76a0947-5cb6-4001-a7f6-48abc8d36ae3
2026-04-18 15:55:33,174 INFO sqlalchemy.engine.Engine SELECT tests.id, tests.title, tests.description, tests.duration_mins, tests.created_by, tests.is_active, tests.starts_at, tests.ends_at, tests.created_at 
FROM tests 
WHERE tests.id = $1::UUID
2026-04-18 15:55:33,174 INFO sqlalchemy.engine.Engine [generated in 0.00036s] ('c76a0947-5cb6-4001-a7f6-48abc8d36ae3',)
2026-04-18 15:55:33,460 INFO sqlalchemy.engine.Engine INSERT INTO questions (id, test_id, title, description, difficulty, order_index, constraints, examples, function_signature, driver_code) VALUES ($1::UUID, $2::UUID, $3::VARCHAR, $4::VARCHAR, $5::VARCHAR, $6::INTEGER, $7::VARCHAR, $8::JSONB, $9::VARCHAR, $10::VARCHAR) RETURNING questions.created_at
2026-04-18 15:55:33,460 INFO sqlalchemy.engine.Engine [generated in 0.00058s] (UUID('32f9c39e-d5be-42a3-af9e-5765e39e4862'), 'c76a0947-5cb6-4001-a7f6-48abc8d36ae3', 'Test Title', 'Test Desc', 'Medium', 1, None, '[{"input": "1", "output": "1"}]', '{"python3": "def test():\\n    pass"}', '{"python3": "# {USER_CODE}"}')
2026-04-18 15:55:33,829 INFO sqlalchemy.engine.Engine SELECT questions.id, questions.test_id, questions.title, questions.description, questions.difficulty, questions.order_index, questions.constraints, questions.examples, questions.function_signature, questions.driver_code, questions.created_at 
FROM questions 
WHERE questions.id = $1::UUID
2026-04-18 15:55:33,829 INFO sqlalchemy.engine.Engine [generated in 0.00033s] (UUID('32f9c39e-d5be-42a3-af9e-5765e39e4862'),)
2026-04-18 15:55:34,165 INFO sqlalchemy.engine.Engine INSERT INTO test_cases (id, question_id, input, expected_output, is_hidden) VALUES ($1::UUID, $2::UUID, $3::VARCHAR, $4::VARCHAR, $5::BOOLEAN) RETURNING test_cases.created_at
2026-04-18 15:55:34,165 INFO sqlalchemy.engine.Engine [generated in 0.00040s] (UUID('ca4cec28-de59-40af-9776-3261f94ecb37'), UUID('32f9c39e-d5be-42a3-af9e-5765e39e4862'), '1', '1', False)
2026-04-18 15:55:34,461 INFO sqlalchemy.engine.Engine COMMIT
Created Question ID: 32f9c39e-d5be-42a3-af9e-5765e39e4862
Driver Code stored as type: <class 'str'>
DB Error: 2 validation errors for QuestionResponse
id
  Input should be a valid string [type=string_type, input_value=UUID('32f9c39e-d5be-42a3-af9e-5765e39e4862'), input_type=UUID]
    For further information visit https://errors.pydantic.dev/2.12/v/string_type
test_id
  Input should be a valid string [type=string_type, input_value=UUID('c76a0947-5cb6-4001-a7f6-48abc8d36ae3'), input_type=UUID]
    For further information visit https://errors.pydantic.dev/2.12/v/string_type
